<?xml version="1.0" encoding="UTF-8"?>
<!-- Generated by org.testng.reporters.JUnitXMLReporter -->
<testsuite ignored="0" hostname="GURLPG02P17R" failures="0" tests="4" name="Test" time="8.224" errors="0" timestamp="2024-09-18T13:44:11 IST">
  <testcase classname="e2eCreateGetUpdateDelete.AddPlacePOST" name="add_Place" time="3.661"/>
  <testcase classname="e2eCreateGetUpdateDelete.GetPlaceAPI" name="get_Place" time="1.943"/>
  <testcase classname="e2eCreateGetUpdateDelete.PutAPI" name="putPlace" time="0.25"/>
  <testcase classname="e2eCreateGetUpdateDelete.DeletePlaceAPI" name="delete_Place" time="2.298"/>
</testsuite> <!-- Test -->
