<?xml version="1.0" encoding="UTF-8"?>
<testng-results ignored="0" total="1" passed="1" failed="0" skipped="0">
  <reporter-output>
  </reporter-output>
  <suite started-at="2024-09-19T15:41:33 IST" name="Default suite" finished-at="2024-09-19T15:41:37 IST" duration-ms="4269">
    <groups>
    </groups>
    <test started-at="2024-09-19T15:41:33 IST" name="Default test" finished-at="2024-09-19T15:41:37 IST" duration-ms="4269">
      <class name="e2eCreateGetUpdateDelete.AddPlacePOST">
        <test-method signature="add_Place(org.testng.ITestContext)[pri:0, instance:e2eCreateGetUpdateDelete.AddPlacePOST@36ebc363]" started-at="2024-09-19T15:41:33 IST" name="add_Place" finished-at="2024-09-19T15:41:37 IST" duration-ms="4162" status="PASS">
          <params>
            <param index="0">
              <value>
                <![CDATA[org.testng.TestRunner@5fa07e12]]>
              </value>
            </param>
          </params>
          <reporter-output>
          </reporter-output>
        </test-method> <!-- add_Place -->
      </class> <!-- e2eCreateGetUpdateDelete.AddPlacePOST -->
    </test> <!-- Default test -->
  </suite> <!-- Default suite -->
</testng-results>
